<?xml version="1.0" encoding="UTF-8"?>
<testng-results ignored="0" total="1" passed="1" failed="0" skipped="0">
  <reporter-output>
  </reporter-output>
  <suite started-at="2021-01-06T00:16:52 EST" name="Default suite" finished-at="2021-01-06T00:16:52 EST" duration-ms="60">
    <groups>
    </groups>
    <test started-at="2021-01-06T00:16:52 EST" name="Default test" finished-at="2021-01-06T00:16:52 EST" duration-ms="60">
      <class name="BlackBoxTestClass.VerifyLengthClass">
        <test-method signature="VerifyLengthofLonestWord()[pri:0, instance:BlackBoxTestClass.VerifyLengthClass@7c1e2a9e]" started-at="2021-01-06T00:16:52 EST" name="VerifyLengthofLonestWord" finished-at="2021-01-06T00:16:52 EST" duration-ms="11" status="PASS">
          <reporter-output>
          </reporter-output>
        </test-method> <!-- VerifyLengthofLonestWord -->
      </class> <!-- BlackBoxTestClass.VerifyLengthClass -->
    </test> <!-- Default test -->
  </suite> <!-- Default suite -->
</testng-results>
